<?xml version="1.0" encoding="UTF-8"?>
<testsuite xmlns:xsi="http://www.w3.org/2001/XMLSchema-instance" xsi:noNamespaceSchemaLocation="https://maven.apache.org/surefire/maven-surefire-plugin/xsd/surefire-test-report.xsd" version="3.0.2" name="LoginTests" time="2.207" tests="3" errors="0" skipped="0" failures="0">
  <properties>
[...]
</properties>
  <testcase name="testSuccessfulLogin" classname="LoginTests" time="0.569">
    <system-out><![CDATA[22:33:04.795 [main] DEBUG io.github.bonigarcia.wdm.WebDriverManager -- Using WebDriverManager 5.9.2
22:33:05.058 [main] DEBUG io.github.bonigarcia.wdm.cache.ResolutionCache -- Resolution chrome=143 in cache (valid until 23:18:59 10/01/2026 CET)
22:33:05.059 [main] DEBUG io.github.bonigarcia.wdm.cache.ResolutionCache -- Resolution chrome143=143.0.7499.192 in cache (valid until 16:22:34 11/01/2026 CET)
22:33:05.060 [main] INFO io.github.bonigarcia.wdm.WebDriverManager -- Using chromedriver 143.0.7499.192 (resolved driver for Chrome 143)
22:33:05.091 [main] DEBUG io.github.bonigarcia.wdm.WebDriverManager -- Driver chromedriver 143.0.7499.192 found in cache
22:33:05.092 [main] INFO io.github.bonigarcia.wdm.WebDriverManager -- Exporting webdriver.chrome.driver as C:\Users\Enrique\.cache\selenium\chromedriver\win64\143.0.7499.192\chromedriver.exe
22:33:06.236 [main] INFO pages.LoginPage -- Öppnade login-sidan
22:33:06.314 [main] DEBUG pages.LoginPage -- Ifyllt användarnamn: standard_user
22:33:06.373 [main] DEBUG pages.LoginPage -- Ifyllt lösenord
22:33:06.440 [main] INFO pages.LoginPage -- Klickade på login-knappen
]]></system-out>
    <system-err><![CDATA[jan. 10, 2026 10:33:05 EM org.openqa.selenium.devtools.CdpVersionFinder findNearestMatch
WARNING: Unable to find CDP implementation matching 143
jan. 10, 2026 10:33:05 EM org.openqa.selenium.chromium.ChromiumDriver lambda$new$5
WARNING: Unable to find version of CDP to use for 143.0.7499.193. You may need to include a dependency on a specific version of the CDP using something similar to `org.seleniumhq.selenium:selenium-devtools-v86:4.27.0` where the version ("v86") matches the version of the chromium-based browser you're using and the version number of the artifact is the same as Selenium's.
]]></system-err>
  </testcase>
  <testcase name="testInvalidUsername" classname="LoginTests" time="0.222">
    <system-out><![CDATA[22:33:06.486 [main] INFO pages.LoginPage -- Öppnade login-sidan
22:33:06.538 [main] DEBUG pages.LoginPage -- Ifyllt användarnamn: wrong_user
22:33:06.589 [main] DEBUG pages.LoginPage -- Ifyllt lösenord
22:33:06.635 [main] INFO pages.LoginPage -- Klickade på login-knappen
22:33:06.672 [main] INFO pages.LoginPage -- Felmeddelande: Epic sadface: Username and password do not match any user in this service
]]></system-out>
  </testcase>
  <testcase name="testInvalidPassword" classname="LoginTests" time="0.196">
    <system-out><![CDATA[22:33:06.710 [main] INFO pages.LoginPage -- Öppnade login-sidan
22:33:06.758 [main] DEBUG pages.LoginPage -- Ifyllt användarnamn: standard_user
22:33:06.801 [main] DEBUG pages.LoginPage -- Ifyllt lösenord
22:33:06.843 [main] INFO pages.LoginPage -- Klickade på login-knappen
22:33:06.869 [main] INFO pages.LoginPage -- Felmeddelande: Epic sadface: Username and password do not match any user in this service
]]></system-out>
  </testcase>
</testsuite>